<?xml version="1.0" encoding="UTF-8"?>
<!-- Generated by org.testng.reporters.JUnitXMLReporter -->
<testsuite ignored="0" hostname="Sarovar" failures="3" tests="3" name="Test" time="61.599" errors="0" timestamp="2025-04-03T15:35:10 EDT">
  <testcase classname="amazontestproject1.TestCase1" name="login_search_wishlist_cart_logout" time="0.201">
    <failure type="java.lang.AssertionError" message="Sorry the Title is wrong expected [Online Shopping site in India: Shop Online for Mobiles, Books, Watches, Shoes and More - Amazon.in] but found [Amazon.in]">
      <![CDATA[java.lang.AssertionError: Sorry the Title is wrong expected [Online Shopping site in India: Shop Online for Mobiles, Books, Watches, Shoes and More - Amazon.in] but found [Amazon.in]
at amazonsourceproject1.AmazonHomePage.<init>(AmazonHomePage.java:88)
at amazontestproject1.TestCase1.login_search_wishlist_cart_logout(TestCase1.java:22)
at java.base/java.util.ArrayList.forEach(ArrayList.java:1596)
... Removed 34 stack frames]]>
    </failure>
  </testcase> <!-- login_search_wishlist_cart_logout -->
  <testcase classname="amazontestproject1.TestCase2" name="login_search_wishlist_removefromcart_logout" time="0.81">
    <failure type="java.lang.AssertionError" message="Sorry the Title is wrong expected [Online Shopping site in India: Shop Online for Mobiles, Books, Watches, Shoes and More - Amazon.in] but found []">
      <![CDATA[java.lang.AssertionError: Sorry the Title is wrong expected [Online Shopping site in India: Shop Online for Mobiles, Books, Watches, Shoes and More - Amazon.in] but found []
at amazonsourceproject1.AmazonHomePage.<init>(AmazonHomePage.java:88)
at amazontestproject1.TestCase2.login_search_wishlist_removefromcart_logout(TestCase2.java:21)
at java.base/java.util.ArrayList.forEach(ArrayList.java:1596)
... Removed 34 stack frames]]>
    </failure>
  </testcase> <!-- login_search_wishlist_removefromcart_logout -->
  <testcase classname="amazontestproject1.TestCase3" name="login_search_updatenewaddress_signout" time="40.341">
    <failure type="org.openqa.selenium.ElementClickInterceptedException" message="element click intercepted: Element &amp;lt;span class=&amp;quot;nav-text&amp;quot;&amp;gt;...&amp;lt;/span&amp;gt; is not clickable at point (94, 8). Other element would receive the click: &amp;lt;a href=&amp;quot;/ref=nav_logo&amp;quot; id=&amp;quot;nav-logo-sprites&amp;quot; class=&amp;quot;nav-logo-link nav-progressive-attribute&amp;quot; aria-label=&amp;quot;Amazon.in&amp;quot; lang=&amp;quot;en&amp;quot;&amp;gt;...&amp;lt;/a&amp;gt;
  (Session info: chrome=134.0.6998.178)
Build info: version: &amp;apos;4.28.1&amp;apos;, revision: &amp;apos;73f5ad48a2&amp;apos;
System info: os.name: &amp;apos;Windows 11&amp;apos;, os.arch: &amp;apos;amd64&amp;apos;, os.version: &amp;apos;10.0&amp;apos;, java.version: &amp;apos;21.0.6&amp;apos;
Driver info: org.openqa.selenium.chrome.ChromeDriver
Command: [68cde73eebc4a048a4e09d02d5d130d6, clickElement {id=f.E275DF82E9897F584D5CFD6A6537444A.d.C7B170FE4618055D8BDE370153ED8E44.e.91}]
Capabilities {acceptInsecureCerts: false, browserName: chrome, browserVersion: 134.0.6998.178, chrome: {chromedriverVersion: 134.0.6998.165 (fd886e2cb29..., userDataDir: C:\Users\siree\AppData\Loca...}, fedcm:accounts: true, goog:chromeOptions: {debuggerAddress: localhost:63215}, networkConnectionEnabled: false, pageLoadStrategy: normal, platformName: windows, proxy: Proxy(), se:cdp: ws://localhost:63215/devtoo..., se:cdpVersion: 134.0.6998.178, setWindowRect: true, strictFileInteractability: false, timeouts: {implicit: 0, pageLoad: 300000, script: 30000}, unhandledPromptBehavior: dismiss and notify, webauthn:extension:credBlob: true, webauthn:extension:largeBlob: true, webauthn:extension:minPinLength: true, webauthn:extension:prf: true, webauthn:virtualAuthenticators: true}
Element: [[ChromeDriver: chrome on windows (68cde73eebc4a048a4e09d02d5d130d6)] -&amp;gt; xpath: //span[.=&amp;apos;Your Account&amp;apos;]]
Session ID: 68cde73eebc4a048a4e09d02d5d130d6">
      <![CDATA[org.openqa.selenium.ElementClickInterceptedException: element click intercepted: Element <span class="nav-text">...</span> is not clickable at point (94, 8). Other element would receive the click: <a href="/ref=nav_logo" id="nav-logo-sprites" class="nav-logo-link nav-progressive-attribute" aria-label="Amazon.in" lang="en">...</a>
  (Session info: chrome=134.0.6998.178)
Build info: version: '4.28.1', revision: '73f5ad48a2'
System info: os.name: 'Windows 11', os.arch: 'amd64', os.version: '10.0', java.version: '21.0.6'
Driver info: org.openqa.selenium.chrome.ChromeDriver
Command: [68cde73eebc4a048a4e09d02d5d130d6, clickElement {id=f.E275DF82E9897F584D5CFD6A6537444A.d.C7B170FE4618055D8BDE370153ED8E44.e.91}]
Capabilities {acceptInsecureCerts: false, browserName: chrome, browserVersion: 134.0.6998.178, chrome: {chromedriverVersion: 134.0.6998.165 (fd886e2cb29..., userDataDir: C:\Users\siree\AppData\Loca...}, fedcm:accounts: true, goog:chromeOptions: {debuggerAddress: localhost:63215}, networkConnectionEnabled: false, pageLoadStrategy: normal, platformName: windows, proxy: Proxy(), se:cdp: ws://localhost:63215/devtoo..., se:cdpVersion: 134.0.6998.178, setWindowRect: true, strictFileInteractability: false, timeouts: {implicit: 0, pageLoad: 300000, script: 30000}, unhandledPromptBehavior: dismiss and notify, webauthn:extension:credBlob: true, webauthn:extension:largeBlob: true, webauthn:extension:minPinLength: true, webauthn:extension:prf: true, webauthn:virtualAuthenticators: true}
Element: [[ChromeDriver: chrome on windows (68cde73eebc4a048a4e09d02d5d130d6)] -> xpath: //span[.='Your Account']]
Session ID: 68cde73eebc4a048a4e09d02d5d130d6
at org.openqa.selenium.remote.ErrorCodec.decode(ErrorCodec.java:167)
at org.openqa.selenium.remote.codec.w3c.W3CHttpResponseCodec.decode(W3CHttpResponseCodec.java:138)
at org.openqa.selenium.remote.codec.w3c.W3CHttpResponseCodec.decode(W3CHttpResponseCodec.java:50)
at org.openqa.selenium.remote.HttpCommandExecutor.execute(HttpCommandExecutor.java:215)
at org.openqa.selenium.remote.service.DriverCommandExecutor.invokeExecute(DriverCommandExecutor.java:216)
at org.openqa.selenium.remote.service.DriverCommandExecutor.execute(DriverCommandExecutor.java:174)
at org.openqa.selenium.remote.RemoteWebDriver.execute(RemoteWebDriver.java:545)
at org.openqa.selenium.remote.RemoteWebElement.execute(RemoteWebElement.java:223)
at org.openqa.selenium.remote.RemoteWebElement.click(RemoteWebElement.java:76)
at org.openqa.selenium.support.pagefactory.internal.LocatingElementHandler.invoke(LocatingElementHandler.java:51)
at jdk.proxy2/jdk.proxy2.$Proxy9.click(Unknown Source)
at amazonsourceproject1.AmazonHomePage.youraccount_click(AmazonHomePage.java:62)
at amazontestproject1.TestCase3.login_search_updatenewaddress_signout(TestCase3.java:33)
at java.base/java.util.ArrayList.forEach(ArrayList.java:1596)
... Removed 34 stack frames]]>
    </failure>
  </testcase> <!-- login_search_updatenewaddress_signout -->
</testsuite> <!-- Test -->
